{"level":"error","message":"error메세지"}
{"level":"warn","message":"warn메세지"}
{"level":"info","message":"info메세지"}
{"level":"error","message":"error메세지"}
{"level":"warn","message":"warn메세지"}
{"level":"info","message":"info메세지"}
{"level":"error","message":"error메세지"}
{"level":"warn","message":"warn메세지"}
{"level":"info","message":"info메세지"}
{"level":"error","message":"error메세지","timestamp":"2023-03-10T02:36:30.631Z"}
{"level":"warn","message":"warn메세지","timestamp":"2023-03-10T02:36:30.631Z"}
{"level":"info","message":"info메세지","timestamp":"2023-03-10T02:36:30.632Z"}
{"level":"error","message":"error메세지","timestamp":"2023-03-10 11:38:16"}
{"level":"warn","message":"warn메세지","timestamp":"2023-03-10 11:38:16"}
{"level":"info","message":"info메세지","timestamp":"2023-03-10 11:38:16"}
{"level":"error","message":"error메세지","timestamp":"2023-03-10 11:51:24"}
{"level":"warn","message":"warn메세지","timestamp":"2023-03-10 11:51:24"}
{"level":"info","message":"info메세지","timestamp":"2023-03-10 11:51:24"}
{"level":"error","message":"error메세지","timestamp":"2023-03-10 11:51:34"}
{"level":"warn","message":"warn메세지","timestamp":"2023-03-10 11:51:34"}
{"level":"info","message":"info메세지","timestamp":"2023-03-10 11:51:34"}
